[2025-07-02 14:46:37,171][INFO] ウォッチャー再開：停止フラグをクリア
[2025-07-02 14:46:37,172][INFO] ウォッチャー開始：run_batch_watcher を呼び出し
[2025-07-02 14:46:38,205][WARNING] 名寄せ失敗 | 店舗名: 候補=湘南パンケーキ 所沢店 → 正式名称取得失敗 | 
[2025-07-02 14:46:38,208][WARNING] 名寄せ失敗 | 店舗名: 候補=医療法人社団 三紀会 木下病院 → 正式名称取得失敗 | 
[2025-07-02 14:46:38,210][WARNING] 名寄せ失敗 | 店舗名: 候補=大戸屋ごはん処 ベルモール宇都宮 → 正式名称取得失敗 | 
[2025-07-02 14:46:38,212][WARNING] 名寄せ失敗 | 店舗名: 候補=NON-S丸井錦糸町店 → 正式名称取得失敗 | 
[2025-07-02 14:46:38,214][WARNING] 名寄せ失敗 | 店舗名: 候補=元祖あんこう鍋 山翠 → 正式名称取得失敗 | 
[2025-07-02 14:46:38,215][WARNING] 名寄せ失敗 | 店舗名: 候補=廻鮮寿司 吉恒 → 正式名称取得失敗 | 
[2025-07-02 14:46:38,217][WARNING] 名寄せ失敗 | 店舗名: 候補=ラーメン専家 羅妃焚 江別店 → 正式名称取得失敗 | 
[2025-07-02 14:46:38,219][WARNING] 名寄せ失敗 | 店舗名: 候補=ラーメン専家 羅妃焚 イオン平岡 → 正式名称取得失敗 | 
[2025-07-02 14:46:38,222][WARNING] 名寄せ失敗 | 店舗名: 候補=中華そば 芯せかい 本店 → 正式名称取得失敗 | 
[2025-07-02 14:46:38,224][WARNING] 名寄せ失敗 | 店舗名: 候補=芯せかい エミフルMASAKI店 → 正式名称取得失敗 | 
[2025-07-02 14:46:38,227][WARNING] 名寄せ失敗 | 店舗名: 候補=じゅうじゅうカルビ 綱島店 → 正式名称取得失敗 | 
[2025-07-02 14:46:38,230][WARNING] 名寄せ失敗 | 店舗名: 候補=ロイヤルホスト 府中東店 → 正式名称取得失敗 | 
[2025-07-02 14:46:38,233][WARNING] 名寄せ失敗 | 店舗名: 候補=道頓堀みつる 本店 → 正式名称取得失敗 | 
[2025-07-02 14:46:38,236][WARNING] 名寄せ失敗 | 店舗名: 候補=夜パフェ専門店パフェテイアベル → 正式名称取得失敗 | 
[2025-07-02 14:46:38,239][WARNING] 名寄せ失敗 | 店舗名: 候補=鎌倉パスタ 京都伏見店 → 正式名称取得失敗 | 
[2025-07-02 14:46:38,242][WARNING] 名寄せ失敗 | 店舗名: 候補=鎌倉パスタ なかもず店 → 正式名称取得失敗 | 
[2025-07-02 14:46:38,245][WARNING] 名寄せ失敗 | 店舗名: 候補=焼肉きんぐ 豊山店 → 正式名称取得失敗 | 
[2025-07-02 14:46:38,248][WARNING] 名寄せ失敗 | 店舗名: 候補=焼肉おもに亭ララテラス南千住店 → 正式名称取得失敗 | 
[2025-07-02 14:46:38,251][WARNING] 名寄せ失敗 | 店舗名: 候補=来来亭 山口湯田店 → 正式名称取得失敗 | 
[2025-07-02 14:46:38,254][WARNING] 名寄せ失敗 | 店舗名: 候補=江ざわ → 正式名称取得失敗 | 
[2025-07-02 14:46:38,257][WARNING] 名寄せ失敗 | 店舗名: 候補=鎌倉パスタ イオンモール伊丹店 → 正式名称取得失敗 | 
[2025-07-02 14:46:38,261][WARNING] 名寄せ失敗 | 店舗名: 候補=徳寿 平岡店 → 正式名称取得失敗 | 
[2025-07-02 14:46:38,264][WARNING] 名寄せ失敗 | 店舗名: 候補=世界の山ちゃん 女子大店 → 正式名称取得失敗 | 
[2025-07-02 14:46:38,267][WARNING] 名寄せ失敗 | 店舗名: 候補=世界の山ちゃん 女子大店 → 正式名称取得失敗 | 
[2025-07-02 14:46:38,269][WARNING] 名寄せ失敗 | 店舗名: 候補=炭火焼肉屋さかい 御坊店 → 正式名称取得失敗 | 
[2025-07-02 14:46:38,272][WARNING] 名寄せ失敗 | 店舗名: 候補=炭火焼肉屋さかい 新宮店 → 正式名称取得失敗 | 
[2025-07-02 14:46:38,275][WARNING] 名寄せ失敗 | 店舗名: 候補=炭火焼肉屋さかい 岩出店 → 正式名称取得失敗 | 
[2025-07-02 14:46:38,278][WARNING] 名寄せ失敗 | 店舗名: 候補=濱かつ みらい長崎店 → 正式名称取得失敗 | 
[2025-07-02 14:46:38,281][WARNING] 名寄せ失敗 | 店舗名: 候補=回転寿司 喜楽 高槻大蔵司店 → 正式名称取得失敗 | 
[2025-07-02 14:46:38,283][WARNING] 名寄せ失敗 | 店舗名: 候補=回転寿司 喜楽 高槻岡本店 → 正式名称取得失敗 | 
[2025-07-02 14:46:38,285][WARNING] 名寄せ失敗 | 店舗名: 候補=回転寿司 喜楽 一文橋店 → 正式名称取得失敗 | 
[2025-07-02 14:46:38,288][WARNING] 名寄せ失敗 | 店舗名: 候補=GGC 前橋小相木店 → 正式名称取得失敗 | 
[2025-07-02 14:46:38,291][WARNING] 名寄せ失敗 | 店舗名: 候補=グルメ回転寿司ABURI百貫イオ → 正式名称取得失敗 | 
[2025-07-02 14:46:38,294][WARNING] 名寄せ失敗 | 店舗名: 候補=すしえもんBRANCH博多パピヨ → 正式名称取得失敗 | 
[2025-07-02 14:46:38,298][WARNING] 名寄せ失敗 | 店舗名: 候補=炭火焼肉屋さかい 田辺店 → 正式名称取得失敗 | 
[2025-07-02 14:46:38,300][WARNING] 名寄せ失敗 | 店舗名: 候補=鎌倉パスタ 名古屋パルコ店 → 正式名称取得失敗 | 
[2025-07-02 14:46:38,304][WARNING] 名寄せ失敗 | 店舗名: 候補=(株)サルーン → 正式名称取得失敗 | 
[2025-07-02 14:46:38,307][WARNING] 名寄せ失敗 | 店舗名: 候補=(株)サルーン → 正式名称取得失敗 | 
[2025-07-02 14:46:38,310][WARNING] 名寄せ失敗 | 店舗名: 候補=鎌倉パスタ なかもず店 → 正式名称取得失敗 | 
[2025-07-02 14:46:38,313][WARNING] 名寄せ失敗 | 店舗名: 候補=大戸屋ごはん処ベルモール宇都宮店 → 正式名称取得失敗 | 
[2025-07-02 14:46:38,316][WARNING] 名寄せ失敗 | 店舗名: 候補=焼肉仔虎 エスパル仙台店 → 正式名称取得失敗 | 
[2025-07-02 14:46:38,320][WARNING] 名寄せ失敗 | 店舗名: 候補=地元のお寿司屋さん 黒潮 → 正式名称取得失敗 | 
[2025-07-02 14:46:38,323][WARNING] 名寄せ失敗 | 店舗名: 候補=活魚寿司 鶴原店 → 正式名称取得失敗 | 
[2025-07-02 14:46:59,809][WARNING] 名寄せ失敗 | 店舗名: 候補=湘南パンケーキ 所沢店 → 正式名称取得失敗 | 
[2025-07-02 14:46:59,812][WARNING] 名寄せ失敗 | 店舗名: 候補=医療法人社団 三紀会 木下病院 → 正式名称取得失敗 | 
[2025-07-02 14:46:59,815][WARNING] 名寄せ失敗 | 店舗名: 候補=大戸屋ごはん処 ベルモール宇都宮 → 正式名称取得失敗 | 
[2025-07-02 14:46:59,817][WARNING] 名寄せ失敗 | 店舗名: 候補=NON-S丸井錦糸町店 → 正式名称取得失敗 | 
[2025-07-02 14:46:59,820][WARNING] 名寄せ失敗 | 店舗名: 候補=元祖あんこう鍋 山翠 → 正式名称取得失敗 | 
[2025-07-02 14:46:59,822][WARNING] 名寄せ失敗 | 店舗名: 候補=廻鮮寿司 吉恒 → 正式名称取得失敗 | 
[2025-07-02 14:46:59,825][WARNING] 名寄せ失敗 | 店舗名: 候補=ラーメン専家 羅妃焚 江別店 → 正式名称取得失敗 | 
[2025-07-02 14:46:59,829][WARNING] 名寄せ失敗 | 店舗名: 候補=ラーメン専家 羅妃焚 イオン平岡 → 正式名称取得失敗 | 
[2025-07-02 14:46:59,831][WARNING] 名寄せ失敗 | 店舗名: 候補=中華そば 芯せかい 本店 → 正式名称取得失敗 | 
[2025-07-02 14:46:59,833][WARNING] 名寄せ失敗 | 店舗名: 候補=芯せかい エミフルMASAKI店 → 正式名称取得失敗 | 
[2025-07-02 14:46:59,836][WARNING] 名寄せ失敗 | 店舗名: 候補=じゅうじゅうカルビ 綱島店 → 正式名称取得失敗 | 
[2025-07-02 14:46:59,838][WARNING] 名寄せ失敗 | 店舗名: 候補=ロイヤルホスト 府中東店 → 正式名称取得失敗 | 
[2025-07-02 14:46:59,841][WARNING] 名寄せ失敗 | 店舗名: 候補=道頓堀みつる 本店 → 正式名称取得失敗 | 
[2025-07-02 14:46:59,844][WARNING] 名寄せ失敗 | 店舗名: 候補=夜パフェ専門店パフェテイアベル → 正式名称取得失敗 | 
[2025-07-02 14:46:59,846][WARNING] 名寄せ失敗 | 店舗名: 候補=鎌倉パスタ 京都伏見店 → 正式名称取得失敗 | 
[2025-07-02 14:46:59,849][WARNING] 名寄せ失敗 | 店舗名: 候補=鎌倉パスタ なかもず店 → 正式名称取得失敗 | 
[2025-07-02 14:46:59,851][WARNING] 名寄せ失敗 | 店舗名: 候補=焼肉きんぐ 豊山店 → 正式名称取得失敗 | 
[2025-07-02 14:46:59,854][WARNING] 名寄せ失敗 | 店舗名: 候補=焼肉おもに亭ララテラス南千住店 → 正式名称取得失敗 | 
[2025-07-02 14:46:59,856][WARNING] 名寄せ失敗 | 店舗名: 候補=来来亭 山口湯田店 → 正式名称取得失敗 | 
[2025-07-02 14:46:59,859][WARNING] 名寄せ失敗 | 店舗名: 候補=江ざわ → 正式名称取得失敗 | 
[2025-07-02 14:46:59,862][WARNING] 名寄せ失敗 | 店舗名: 候補=鎌倉パスタ イオンモール伊丹店 → 正式名称取得失敗 | 
[2025-07-02 14:46:59,864][WARNING] 名寄せ失敗 | 店舗名: 候補=徳寿 平岡店 → 正式名称取得失敗 | 
[2025-07-02 14:46:59,867][WARNING] 名寄せ失敗 | 店舗名: 候補=世界の山ちゃん 女子大店 → 正式名称取得失敗 | 
[2025-07-02 14:46:59,869][WARNING] 名寄せ失敗 | 店舗名: 候補=世界の山ちゃん 女子大店 → 正式名称取得失敗 | 
[2025-07-02 14:46:59,872][WARNING] 名寄せ失敗 | 店舗名: 候補=炭火焼肉屋さかい 御坊店 → 正式名称取得失敗 | 
[2025-07-02 14:46:59,874][WARNING] 名寄せ失敗 | 店舗名: 候補=炭火焼肉屋さかい 新宮店 → 正式名称取得失敗 | 
[2025-07-02 14:46:59,877][WARNING] 名寄せ失敗 | 店舗名: 候補=炭火焼肉屋さかい 岩出店 → 正式名称取得失敗 | 
[2025-07-02 14:46:59,880][WARNING] 名寄せ失敗 | 店舗名: 候補=濱かつ みらい長崎店 → 正式名称取得失敗 | 
[2025-07-02 14:46:59,882][WARNING] 名寄せ失敗 | 店舗名: 候補=回転寿司 喜楽 高槻大蔵司店 → 正式名称取得失敗 | 
[2025-07-02 14:46:59,885][WARNING] 名寄せ失敗 | 店舗名: 候補=回転寿司 喜楽 高槻岡本店 → 正式名称取得失敗 | 
[2025-07-02 14:46:59,888][WARNING] 名寄せ失敗 | 店舗名: 候補=回転寿司 喜楽 一文橋店 → 正式名称取得失敗 | 
[2025-07-02 14:46:59,891][WARNING] 名寄せ失敗 | 店舗名: 候補=GGC 前橋小相木店 → 正式名称取得失敗 | 
[2025-07-02 14:46:59,893][WARNING] 名寄せ失敗 | 店舗名: 候補=グルメ回転寿司ABURI百貫イオ → 正式名称取得失敗 | 
[2025-07-02 14:46:59,896][WARNING] 名寄せ失敗 | 店舗名: 候補=すしえもんBRANCH博多パピヨ → 正式名称取得失敗 | 
[2025-07-02 14:46:59,898][WARNING] 名寄せ失敗 | 店舗名: 候補=炭火焼肉屋さかい 田辺店 → 正式名称取得失敗 | 
[2025-07-02 14:46:59,901][WARNING] 名寄せ失敗 | 店舗名: 候補=鎌倉パスタ 名古屋パルコ店 → 正式名称取得失敗 | 
[2025-07-02 14:46:59,904][WARNING] 名寄せ失敗 | 店舗名: 候補=(株)サルーン → 正式名称取得失敗 | 
[2025-07-02 14:46:59,906][WARNING] 名寄せ失敗 | 店舗名: 候補=(株)サルーン → 正式名称取得失敗 | 
[2025-07-02 14:46:59,909][WARNING] 名寄せ失敗 | 店舗名: 候補=鎌倉パスタ なかもず店 → 正式名称取得失敗 | 
[2025-07-02 14:46:59,912][WARNING] 名寄せ失敗 | 店舗名: 候補=大戸屋ごはん処ベルモール宇都宮店 → 正式名称取得失敗 | 
[2025-07-02 14:46:59,915][WARNING] 名寄せ失敗 | 店舗名: 候補=焼肉仔虎 エスパル仙台店 → 正式名称取得失敗 | 
[2025-07-02 14:46:59,917][WARNING] 名寄せ失敗 | 店舗名: 候補=地元のお寿司屋さん 黒潮 → 正式名称取得失敗 | 
[2025-07-02 14:46:59,920][WARNING] 名寄せ失敗 | 店舗名: 候補=活魚寿司 鶴原店 → 正式名称取得失敗 | 
[2025-07-02 14:46:59,937][WARNING] 名寄せ失敗 | 店舗名: 候補=湘南パンケーキ 所沢店 → 正式名称取得失敗 | 
[2025-07-02 14:46:59,940][WARNING] 名寄せ失敗 | 店舗名: 候補=医療法人社団 三紀会 木下病院 → 正式名称取得失敗 | 
[2025-07-02 14:46:59,943][WARNING] 名寄せ失敗 | 店舗名: 候補=大戸屋ごはん処 ベルモール宇都宮 → 正式名称取得失敗 | 
[2025-07-02 14:46:59,945][WARNING] 名寄せ失敗 | 店舗名: 候補=NON-S丸井錦糸町店 → 正式名称取得失敗 | 
[2025-07-02 14:46:59,948][WARNING] 名寄せ失敗 | 店舗名: 候補=元祖あんこう鍋 山翠 → 正式名称取得失敗 | 
[2025-07-02 14:46:59,951][WARNING] 名寄せ失敗 | 店舗名: 候補=廻鮮寿司 吉恒 → 正式名称取得失敗 | 
[2025-07-02 14:46:59,954][WARNING] 名寄せ失敗 | 店舗名: 候補=ラーメン専家 羅妃焚 江別店 → 正式名称取得失敗 | 
[2025-07-02 14:46:59,956][WARNING] 名寄せ失敗 | 店舗名: 候補=ラーメン専家 羅妃焚 イオン平岡 → 正式名称取得失敗 | 
[2025-07-02 14:46:59,959][WARNING] 名寄せ失敗 | 店舗名: 候補=中華そば 芯せかい 本店 → 正式名称取得失敗 | 
[2025-07-02 14:46:59,961][WARNING] 名寄せ失敗 | 店舗名: 候補=芯せかい エミフルMASAKI店 → 正式名称取得失敗 | 
[2025-07-02 14:46:59,964][WARNING] 名寄せ失敗 | 店舗名: 候補=じゅうじゅうカルビ 綱島店 → 正式名称取得失敗 | 
[2025-07-02 14:46:59,967][WARNING] 名寄せ失敗 | 店舗名: 候補=ロイヤルホスト 府中東店 → 正式名称取得失敗 | 
[2025-07-02 14:46:59,969][WARNING] 名寄せ失敗 | 店舗名: 候補=道頓堀みつる 本店 → 正式名称取得失敗 | 
[2025-07-02 14:46:59,972][WARNING] 名寄せ失敗 | 店舗名: 候補=夜パフェ専門店パフェテイアベル → 正式名称取得失敗 | 
[2025-07-02 14:46:59,975][WARNING] 名寄せ失敗 | 店舗名: 候補=鎌倉パスタ 京都伏見店 → 正式名称取得失敗 | 
[2025-07-02 14:46:59,978][WARNING] 名寄せ失敗 | 店舗名: 候補=鎌倉パスタ なかもず店 → 正式名称取得失敗 | 
[2025-07-02 14:46:59,981][WARNING] 名寄せ失敗 | 店舗名: 候補=焼肉きんぐ 豊山店 → 正式名称取得失敗 | 
[2025-07-02 14:46:59,984][WARNING] 名寄せ失敗 | 店舗名: 候補=焼肉おもに亭ララテラス南千住店 → 正式名称取得失敗 | 
[2025-07-02 14:46:59,987][WARNING] 名寄せ失敗 | 店舗名: 候補=来来亭 山口湯田店 → 正式名称取得失敗 | 
[2025-07-02 14:46:59,990][WARNING] 名寄せ失敗 | 店舗名: 候補=江ざわ → 正式名称取得失敗 | 
[2025-07-02 14:46:59,993][WARNING] 名寄せ失敗 | 店舗名: 候補=鎌倉パスタ イオンモール伊丹店 → 正式名称取得失敗 | 
[2025-07-02 14:46:59,997][WARNING] 名寄せ失敗 | 店舗名: 候補=徳寿 平岡店 → 正式名称取得失敗 | 
[2025-07-02 14:47:00,000][WARNING] 名寄せ失敗 | 店舗名: 候補=世界の山ちゃん 女子大店 → 正式名称取得失敗 | 
[2025-07-02 14:47:00,003][WARNING] 名寄せ失敗 | 店舗名: 候補=世界の山ちゃん 女子大店 → 正式名称取得失敗 | 
[2025-07-02 14:47:00,006][WARNING] 名寄せ失敗 | 店舗名: 候補=炭火焼肉屋さかい 御坊店 → 正式名称取得失敗 | 
[2025-07-02 14:47:00,008][WARNING] 名寄せ失敗 | 店舗名: 候補=炭火焼肉屋さかい 新宮店 → 正式名称取得失敗 | 
[2025-07-02 14:47:00,012][WARNING] 名寄せ失敗 | 店舗名: 候補=炭火焼肉屋さかい 岩出店 → 正式名称取得失敗 | 
[2025-07-02 14:47:00,016][WARNING] 名寄せ失敗 | 店舗名: 候補=濱かつ みらい長崎店 → 正式名称取得失敗 | 
[2025-07-02 14:47:00,019][WARNING] 名寄せ失敗 | 店舗名: 候補=回転寿司 喜楽 高槻大蔵司店 → 正式名称取得失敗 | 
[2025-07-02 14:47:00,023][WARNING] 名寄せ失敗 | 店舗名: 候補=回転寿司 喜楽 高槻岡本店 → 正式名称取得失敗 | 
[2025-07-02 14:47:00,027][WARNING] 名寄せ失敗 | 店舗名: 候補=回転寿司 喜楽 一文橋店 → 正式名称取得失敗 | 
[2025-07-02 14:47:00,031][WARNING] 名寄せ失敗 | 店舗名: 候補=GGC 前橋小相木店 → 正式名称取得失敗 | 
[2025-07-02 14:47:00,035][WARNING] 名寄せ失敗 | 店舗名: 候補=グルメ回転寿司ABURI百貫イオ → 正式名称取得失敗 | 
[2025-07-02 14:47:00,038][WARNING] 名寄せ失敗 | 店舗名: 候補=すしえもんBRANCH博多パピヨ → 正式名称取得失敗 | 
[2025-07-02 14:47:00,041][WARNING] 名寄せ失敗 | 店舗名: 候補=炭火焼肉屋さかい 田辺店 → 正式名称取得失敗 | 
[2025-07-02 14:47:00,044][WARNING] 名寄せ失敗 | 店舗名: 候補=鎌倉パスタ 名古屋パルコ店 → 正式名称取得失敗 | 
[2025-07-02 14:47:00,047][WARNING] 名寄せ失敗 | 店舗名: 候補=(株)サルーン → 正式名称取得失敗 | 
[2025-07-02 14:47:00,050][WARNING] 名寄せ失敗 | 店舗名: 候補=(株)サルーン → 正式名称取得失敗 | 
[2025-07-02 14:47:00,053][WARNING] 名寄せ失敗 | 店舗名: 候補=鎌倉パスタ なかもず店 → 正式名称取得失敗 | 
[2025-07-02 14:47:00,056][WARNING] 名寄せ失敗 | 店舗名: 候補=大戸屋ごはん処ベルモール宇都宮店 → 正式名称取得失敗 | 
[2025-07-02 14:47:00,058][WARNING] 名寄せ失敗 | 店舗名: 候補=焼肉仔虎 エスパル仙台店 → 正式名称取得失敗 | 
[2025-07-02 14:47:00,061][WARNING] 名寄せ失敗 | 店舗名: 候補=地元のお寿司屋さん 黒潮 → 正式名称取得失敗 | 
[2025-07-02 14:47:00,064][WARNING] 名寄せ失敗 | 店舗名: 候補=活魚寿司 鶴原店 → 正式名称取得失敗 | 
[2025-07-02 14:53:02,281][INFO] ウォッチャー再開：停止フラグをクリア
[2025-07-02 14:53:02,281][INFO] ウォッチャー開始：run_batch_watcher を呼び出し
[2025-07-02 14:53:03,323][WARNING] 名寄せ失敗 | 店舗名: 候補=湘南パンケーキ 所沢店 → 正式名称取得失敗 | 
[2025-07-02 14:53:03,326][WARNING] 名寄せ失敗 | 店舗名: 候補=医療法人社団 三紀会 木下病院 → 正式名称取得失敗 | 
[2025-07-02 14:53:03,329][WARNING] 名寄せ失敗 | 店舗名: 候補=大戸屋ごはん処 ベルモール宇都宮 → 正式名称取得失敗 | 
[2025-07-02 14:53:03,332][WARNING] 名寄せ失敗 | 店舗名: 候補=NON-S丸井錦糸町店 → 正式名称取得失敗 | 
[2025-07-02 14:53:03,334][WARNING] 名寄せ失敗 | 店舗名: 候補=元祖あんこう鍋 山翠 → 正式名称取得失敗 | 
[2025-07-02 14:53:03,337][WARNING] 名寄せ失敗 | 店舗名: 候補=廻鮮寿司 吉恒 → 正式名称取得失敗 | 
[2025-07-02 14:53:03,339][WARNING] 名寄せ失敗 | 店舗名: 候補=ラーメン専家 羅妃焚 江別店 → 正式名称取得失敗 | 
[2025-07-02 14:53:03,342][WARNING] 名寄せ失敗 | 店舗名: 候補=ラーメン専家 羅妃焚 イオン平岡 → 正式名称取得失敗 | 
[2025-07-02 14:53:03,344][WARNING] 名寄せ失敗 | 店舗名: 候補=中華そば 芯せかい 本店 → 正式名称取得失敗 | 
[2025-07-02 14:53:03,346][WARNING] 名寄せ失敗 | 店舗名: 候補=芯せかい エミフルMASAKI店 → 正式名称取得失敗 | 
[2025-07-02 14:53:03,349][WARNING] 名寄せ失敗 | 店舗名: 候補=じゅうじゅうカルビ 綱島店 → 正式名称取得失敗 | 
[2025-07-02 14:53:03,350][WARNING] 名寄せ失敗 | 店舗名: 候補=ロイヤルホスト 府中東店 → 正式名称取得失敗 | 
[2025-07-02 14:53:03,352][WARNING] 名寄せ失敗 | 店舗名: 候補=道頓堀みつる 本店 → 正式名称取得失敗 | 
[2025-07-02 14:53:03,353][WARNING] 名寄せ失敗 | 店舗名: 候補=夜パフェ専門店パフェテイアベル → 正式名称取得失敗 | 
[2025-07-02 14:53:03,355][WARNING] 名寄せ失敗 | 店舗名: 候補=鎌倉パスタ 京都伏見店 → 正式名称取得失敗 | 
[2025-07-02 14:53:03,357][WARNING] 名寄せ失敗 | 店舗名: 候補=鎌倉パスタ なかもず店 → 正式名称取得失敗 | 
[2025-07-02 14:53:03,358][WARNING] 名寄せ失敗 | 店舗名: 候補=焼肉きんぐ 豊山店 → 正式名称取得失敗 | 
[2025-07-02 14:53:03,360][WARNING] 名寄せ失敗 | 店舗名: 候補=焼肉おもに亭ララテラス南千住店 → 正式名称取得失敗 | 
[2025-07-02 14:53:03,363][WARNING] 名寄せ失敗 | 店舗名: 候補=来来亭 山口湯田店 → 正式名称取得失敗 | 
[2025-07-02 14:53:03,366][WARNING] 名寄せ失敗 | 店舗名: 候補=江ざわ → 正式名称取得失敗 | 
[2025-07-02 14:53:03,368][WARNING] 名寄せ失敗 | 店舗名: 候補=鎌倉パスタ イオンモール伊丹店 → 正式名称取得失敗 | 
[2025-07-02 14:53:03,371][WARNING] 名寄せ失敗 | 店舗名: 候補=徳寿 平岡店 → 正式名称取得失敗 | 
[2025-07-02 14:53:03,374][WARNING] 名寄せ失敗 | 店舗名: 候補=世界の山ちゃん 女子大店 → 正式名称取得失敗 | 
[2025-07-02 14:53:03,377][WARNING] 名寄せ失敗 | 店舗名: 候補=世界の山ちゃん 女子大店 → 正式名称取得失敗 | 
[2025-07-02 14:53:03,379][WARNING] 名寄せ失敗 | 店舗名: 候補=炭火焼肉屋さかい 御坊店 → 正式名称取得失敗 | 
[2025-07-02 14:53:03,382][WARNING] 名寄せ失敗 | 店舗名: 候補=炭火焼肉屋さかい 新宮店 → 正式名称取得失敗 | 
[2025-07-02 14:53:03,386][WARNING] 名寄せ失敗 | 店舗名: 候補=炭火焼肉屋さかい 岩出店 → 正式名称取得失敗 | 
[2025-07-02 14:53:03,388][WARNING] 名寄せ失敗 | 店舗名: 候補=濱かつ みらい長崎店 → 正式名称取得失敗 | 
[2025-07-02 14:53:03,389][WARNING] 名寄せ失敗 | 店舗名: 候補=回転寿司 喜楽 高槻大蔵司店 → 正式名称取得失敗 | 
[2025-07-02 14:53:03,392][WARNING] 名寄せ失敗 | 店舗名: 候補=回転寿司 喜楽 高槻岡本店 → 正式名称取得失敗 | 
[2025-07-02 14:53:03,393][WARNING] 名寄せ失敗 | 店舗名: 候補=回転寿司 喜楽 一文橋店 → 正式名称取得失敗 | 
[2025-07-02 14:53:03,395][WARNING] 名寄せ失敗 | 店舗名: 候補=GGC 前橋小相木店 → 正式名称取得失敗 | 
[2025-07-02 14:53:03,398][WARNING] 名寄せ失敗 | 店舗名: 候補=グルメ回転寿司ABURI百貫イオ → 正式名称取得失敗 | 
[2025-07-02 14:53:03,401][WARNING] 名寄せ失敗 | 店舗名: 候補=すしえもんBRANCH博多パピヨ → 正式名称取得失敗 | 
[2025-07-02 14:53:03,403][WARNING] 名寄せ失敗 | 店舗名: 候補=炭火焼肉屋さかい 田辺店 → 正式名称取得失敗 | 
[2025-07-02 14:53:03,406][WARNING] 名寄せ失敗 | 店舗名: 候補=鎌倉パスタ 名古屋パルコ店 → 正式名称取得失敗 | 
[2025-07-02 14:53:03,409][WARNING] 名寄せ失敗 | 店舗名: 候補=(株)サルーン → 正式名称取得失敗 | 
[2025-07-02 14:53:03,412][WARNING] 名寄せ失敗 | 店舗名: 候補=(株)サルーン → 正式名称取得失敗 | 
[2025-07-02 14:53:03,414][WARNING] 名寄せ失敗 | 店舗名: 候補=鎌倉パスタ なかもず店 → 正式名称取得失敗 | 
[2025-07-02 14:53:03,416][WARNING] 名寄せ失敗 | 店舗名: 候補=大戸屋ごはん処ベルモール宇都宮店 → 正式名称取得失敗 | 
[2025-07-02 14:53:03,418][WARNING] 名寄せ失敗 | 店舗名: 候補=焼肉仔虎 エスパル仙台店 → 正式名称取得失敗 | 
[2025-07-02 14:53:03,419][WARNING] 名寄せ失敗 | 店舗名: 候補=地元のお寿司屋さん 黒潮 → 正式名称取得失敗 | 
[2025-07-02 14:53:03,422][WARNING] 名寄せ失敗 | 店舗名: 候補=活魚寿司 鶴原店 → 正式名称取得失敗 | 
[2025-07-02 14:54:10,970][INFO] ウォッチャー再開：停止フラグをクリア
[2025-07-02 14:54:10,970][INFO] ウォッチャー開始：run_batch_watcher を呼び出し
[2025-07-02 14:54:16,031][INFO] ウォッチャー再開：停止フラグをクリア
[2025-07-02 14:54:16,031][INFO] ウォッチャー開始：run_batch_watcher を呼び出し
[2025-07-02 14:54:57,994][WARNING] 列検出エラー | C:\Users\8963948\Desktop\帳簿アップロード\営業部_GOG株式会社_2025年1月.xlsx: 日付列が見つかりません | 
[2025-07-02 14:54:58,003][WARNING] 名寄せ失敗 | 店舗名: 候補=椿屋カフェ北千住マルイ店 → 正式名称取得失敗 | 
[2025-07-02 14:54:58,008][WARNING] 名寄せ失敗 | 店舗名: 候補=南部家敷八橋店 → 正式名称取得失敗 | 
[2025-07-02 14:54:58,013][WARNING] 名寄せ失敗 | 店舗名: 候補=大重亭SHOKUDO → 正式名称取得失敗 | 
[2025-07-02 14:54:58,018][WARNING] 名寄せ失敗 | 店舗名: 候補=炭火焼肉屋さかい岩出店 → 正式名称取得失敗 | 
[2025-07-02 14:54:58,024][WARNING] 名寄せ失敗 | 店舗名: 候補=徳寿平岡店 → 正式名称取得失敗 | 
[2025-07-02 14:54:58,029][WARNING] 名寄せ失敗 | 店舗名: 候補=Boston’sCAFE石窯ダイニング古河店 → 正式名称取得失敗 | 
[2025-07-02 14:54:58,035][WARNING] 名寄せ失敗 | 店舗名: 候補=炭火焼肉屋さかい御坊店 → 正式名称取得失敗 | 
[2025-07-02 14:54:58,041][WARNING] 名寄せ失敗 | 店舗名: 候補=炭火焼肉屋さかい田辺店 → 正式名称取得失敗 | 
[2025-07-02 14:54:58,047][WARNING] 名寄せ失敗 | 店舗名: 候補=イルキャンティビーチェ → 正式名称取得失敗 | 
[2025-07-02 14:54:58,052][WARNING] 名寄せ失敗 | 店舗名: 候補=炭火焼肉屋さかい新宮店 → 正式名称取得失敗 | 
[2025-07-02 14:54:58,057][WARNING] 名寄せ失敗 | 店舗名: 候補=ツーリストジャパン近江八幡店 → 正式名称取得失敗 | 
[2025-07-02 14:54:58,061][WARNING] 名寄せ失敗 | 店舗名: 候補=マショマショ&マショチキン葛西店 → 正式名称取得失敗 | 
[2025-07-02 14:54:58,066][WARNING] 名寄せ失敗 | 店舗名: 候補=徳寿平岡店 → 正式名称取得失敗 | 
[2025-07-02 14:54:58,072][WARNING] 名寄せ失敗 | 店舗名: 候補=大戸屋ごはん処ベルモール宇都宮店 → 正式名称取得失敗 | 
[2025-07-02 14:54:58,077][WARNING] 名寄せ失敗 | 店舗名: 候補=日本旅行TiS富山支店 → 正式名称取得失敗 | 
[2025-07-02 14:54:58,083][WARNING] 名寄せ失敗 | 店舗名: 候補=江ざわ → 正式名称取得失敗 | 
[2025-07-02 14:54:58,088][WARNING] 名寄せ失敗 | 店舗名: 候補=活魚寿司鶴原店 → 正式名称取得失敗 | 
[2025-07-02 14:54:58,094][WARNING] 名寄せ失敗 | 店舗名: 候補=日本旅行TiS金沢支店 → 正式名称取得失敗 | 
[2025-07-02 14:54:58,100][WARNING] 名寄せ失敗 | 店舗名: 候補=地元のお寿司屋さん黒潮 → 正式名称取得失敗 | 
[2025-07-02 14:54:58,105][WARNING] 名寄せ失敗 | 店舗名: 候補=欧風食堂バンデミュール → 正式名称取得失敗 | 
[2025-07-02 14:54:58,111][WARNING] 名寄せ失敗 | 店舗名: 候補=麺場田所商店千葉北店 → 正式名称取得失敗 | 
[2025-07-02 14:54:58,116][WARNING] 名寄せ失敗 | 店舗名: 候補=いずみ食堂 → 正式名称取得失敗 | 
[2025-07-02 14:54:58,121][WARNING] 名寄せ失敗 | 店舗名: 候補=河童ラーメン本舗和泉店 → 正式名称取得失敗 | 
[2025-07-02 14:54:58,127][WARNING] 名寄せ失敗 | 店舗名: 候補=恭楽亭 → 正式名称取得失敗 | 
[2025-07-02 14:54:58,133][WARNING] 名寄せ失敗 | 店舗名: 候補=カルビ屋三夢松本村井店 → 正式名称取得失敗 | 
[2025-07-02 14:54:58,138][WARNING] 名寄せ失敗 | 店舗名: 候補=京都北白川ラーメン魁力屋瑞穂店 → 正式名称取得失敗 | 
[2025-07-02 14:54:58,144][WARNING] 名寄せ失敗 | 店舗名: 候補=地元のお寿司屋さん黒潮 → 正式名称取得失敗 | 
[2025-07-02 14:54:58,150][WARNING] 名寄せ失敗 | 店舗名: 候補=めん房本陣高柳店 → 正式名称取得失敗 | 
[2025-07-02 14:54:58,156][WARNING] 名寄せ失敗 | 店舗名: 候補=日本旅行TiS大阪支店 → 正式名称取得失敗 | 
[2025-07-02 14:54:58,162][WARNING] 名寄せ失敗 | 店舗名: 候補=肉米雄一飯店 → 正式名称取得失敗 | 
[2025-07-02 14:54:58,167][WARNING] 名寄せ失敗 | 店舗名: 候補=河童ラーメン本舗泉佐野店 → 正式名称取得失敗 | 
[2025-07-02 14:54:58,172][WARNING] 名寄せ失敗 | 店舗名: 候補=廻る寿し祭り応神店 → 正式名称取得失敗 | 
[2025-07-02 14:54:58,177][WARNING] 名寄せ失敗 | 店舗名: 候補=江戸蕎麦にのの → 正式名称取得失敗 | 
[2025-07-02 14:54:58,183][WARNING] 名寄せ失敗 | 店舗名: 候補=河童ラーメン本舗香芝店 → 正式名称取得失敗 | 
[2025-07-02 14:54:58,187][WARNING] 日付抽出失敗 | C:\Users\8963948\Desktop\帳簿アップロード\営業部_GOG株式会社_2025年1月.xlsx#行34: 元値=NaT | 
